main.py:173: UserWarning: If you have Pandas 1.0 you must make the following change manually for cox to work: https://github.com/MadryLab/cox/pull/3/files
  "If you have Pandas 1.0 you must make the following change manually for cox to work: https://github.com/MadryLab/cox/pull/3/files")
Logging in: /gpfs/loomis/home.grace/sls248/transductions/logs/default/negation-results-6-30-20_4/44114a09-f20b-4ad0-a6dd-a52fd330e9d0
Training epoch 1/100 on train data
Evaluating epoch 1/100 on val data
sentence-level-accuracy   94.766 %
token-level-accuracy      97.884 %
that-which-accuracy       98.343 %
because-since-accuracy    96.061 %
can-may-must-should-accuracy 97.675 %
not-accuracy              99.163 %
loss                      0.52783 
Training epoch 2/100 on train data
Evaluating epoch 2/100 on val data
sentence-level-accuracy   99.453 %
token-level-accuracy      99.861 %
that-which-accuracy       99.876 %
because-since-accuracy    99.798 %
can-may-must-should-accuracy 99.906 %
not-accuracy              99.94 %
loss                      0.017525 
Training epoch 3/100 on train data
Evaluating epoch 3/100 on val data
sentence-level-accuracy   99.59 %
token-level-accuracy      99.885 %
that-which-accuracy       99.866 %
because-since-accuracy    99.867 %
can-may-must-should-accuracy 99.916 %
not-accuracy              99.958 %
loss                      0.022351 
EarlyStopping counter: 1 out of 3
Training epoch 4/100 on train data
Evaluating epoch 4/100 on val data
sentence-level-accuracy   98.707 %
token-level-accuracy      99.646 %
that-which-accuracy       99.783 %
because-since-accuracy    99.847 %
can-may-must-should-accuracy 99.79 %
not-accuracy              99.852 %
loss                      0.010301 
Training epoch 5/100 on train data
Evaluating epoch 5/100 on val data
sentence-level-accuracy   94.02 %
token-level-accuracy      97.4 %
that-which-accuracy       97.721 %
because-since-accuracy    95.818 %
can-may-must-should-accuracy 97.571 %
not-accuracy              98.793 %
loss                      0.075169 
EarlyStopping counter: 1 out of 3
Training epoch 6/100 on train data
Evaluating epoch 6/100 on val data
sentence-level-accuracy   40.219 %
token-level-accuracy      62.187 %
that-which-accuracy       75.496 %
because-since-accuracy    54.254 %
can-may-must-should-accuracy 61.661 %
not-accuracy              84.75 %
loss                      0.95565 
EarlyStopping counter: 2 out of 3
Training epoch 7/100 on train data
Evaluating epoch 7/100 on val data
sentence-level-accuracy   71.325 %
token-level-accuracy      80.514 %
that-which-accuracy       83.588 %
because-since-accuracy    74.578 %
can-may-must-should-accuracy 79.305 %
not-accuracy              90.406 %
loss                      0.70524 
EarlyStopping counter: 3 out of 3
Early stopping. Loading model from last saved checkoint.
Testing on test data
Closing remaining open files:logs/default/negation-results-6-30-20_4/44114a09-f20b-4ad0-a6dd-a52fd330e9d0/store.h5...done
